**********************************************************************
*      Welcome to PSUADE (version 1.7.12)
**********************************************************************
PSUADE - A Problem Solving environment for 
         Uncertainty Analysis and Design Exploration (1.7.12)
(for help, enter <help>)
======================================================================
psuade> load complete : nSamples = 1000
                nInputs  = 20
                nOutputs = 1
psuade> Enter output number (1 - 1) = No transformation (e.g. log) on sample inputs nor outputs.
**********************************************************************
DeltaTest for variable selection
This test has the characteristics that the more important
a parameter is relative to the others, the smaller the 
subset is at the end of the test (sharp zoom into the most
important subset).
Thus, the purpose of this test is to identify a subset of
important parameters.
Note: If both nInputs and nSamples are large, this test
      may take a long time to run. So, be patient.)
======================================================================
Current best solution for output 1:
To stop the search, create a psuade_stop file in local directory.
----------------------------------------------------------------------
0 1 1 0 1 1 1 0 0 0 1 1 0 1 0 0 1 1 1 0  = 9.775168e+02
1 1 1 1 1 1 1 1 0 1 1 0 1 0 1 1 1 0 0 0  = 5.096323e+02 (1 of 100)
1 1 1 1 1 1 1 1 1 1 0 0 0 0 0 0 0 0 0 0  = 3.418160e+02 (2 of 100)
1 1 1 1 1 1 1 1 1 1 0 0 0 0 0 0 0 0 0 0  = 3.418160e+02 (3 of 100)
1 1 1 1 1 1 1 1 1 1 0 0 0 0 0 0 0 0 0 0  = 3.418160e+02 (4 of 100)
1 1 1 1 1 1 1 1 1 1 0 0 0 0 0 0 0 0 0 0  = 3.418160e+02 (5 of 100)
1 1 1 1 1 1 1 1 1 1 0 0 0 0 0 0 0 0 0 0  = 3.418160e+02 (6 of 100)
1 1 1 1 1 1 1 1 1 1 0 0 0 0 0 0 0 0 0 0  = 3.418160e+02 (7 of 100)
1 1 1 1 1 1 1 1 1 1 0 0 0 0 0 0 0 0 0 0  = 3.418160e+02 (8 of 100)
1 1 1 1 1 1 1 1 1 1 0 0 0 0 0 0 0 0 0 0  = 3.418160e+02 (9 of 100)
1 1 1 1 1 1 1 1 1 1 0 0 0 0 0 0 0 0 0 0  = 3.418160e+02 (10 of 100)
1 1 1 1 1 1 1 1 1 1 0 0 0 0 0 0 0 0 0 0  = 3.418160e+02 (11 of 100)
1 1 1 1 1 1 1 1 1 1 0 0 0 0 0 0 0 0 0 0  = 3.418160e+02 (12 of 100)
1 1 1 1 1 1 1 1 1 1 0 0 0 0 0 0 0 0 0 0  = 3.418160e+02 (13 of 100)
1 1 1 1 1 1 1 1 1 1 0 0 0 0 0 0 0 0 0 0  = 3.418160e+02 (14 of 100)
1 1 1 1 1 1 1 1 1 1 0 0 0 0 0 0 0 0 0 0  = 3.418160e+02 (15 of 100)
1 1 1 1 1 1 1 1 1 1 0 0 0 0 0 0 0 0 0 0  = 3.418160e+02 (16 of 100)
1 1 1 1 1 1 1 1 1 1 0 0 0 0 0 0 0 0 0 0  = 3.418160e+02 (17 of 100)
1 1 1 1 1 1 1 1 1 1 0 0 0 0 0 0 0 0 0 0  = 3.418160e+02 (18 of 100)
1 1 1 1 1 1 1 1 1 1 0 0 0 0 0 0 0 0 0 0  = 3.418160e+02 (19 of 100)
1 1 1 1 1 1 1 1 1 1 0 0 0 0 0 0 0 0 0 0  = 3.418160e+02 (20 of 100)
1 1 1 1 1 1 1 1 1 1 0 0 0 0 0 0 0 0 0 0  = 3.418160e+02 (21 of 100)
1 1 1 1 1 1 1 1 1 1 0 0 0 0 0 0 0 0 0 0  = 3.418160e+02 (22 of 100)
1 1 1 1 1 1 1 1 1 1 0 0 0 0 0 0 0 0 0 0  = 3.418160e+02 (23 of 100)
1 1 1 1 1 1 1 1 1 1 0 0 0 0 0 0 0 0 0 0  = 3.418160e+02 (24 of 100)
1 1 1 1 1 1 1 1 1 1 0 0 0 0 0 0 0 0 0 0  = 3.418160e+02 (25 of 100)
1 1 1 1 1 1 1 1 1 1 0 0 0 0 0 0 0 0 0 0  = 3.418160e+02 (26 of 100)
1 1 1 1 1 1 1 1 1 1 0 0 0 0 0 0 0 0 0 0  = 3.418160e+02 (27 of 100)
1 1 1 1 1 1 1 1 1 1 0 0 0 0 0 0 0 0 0 0  = 3.418160e+02 (28 of 100)
1 1 1 1 1 1 1 1 1 1 0 0 0 0 0 0 0 0 0 0  = 3.418160e+02 (29 of 100)
1 1 1 1 1 1 1 1 1 1 0 0 0 0 0 0 0 0 0 0  = 3.418160e+02 (30 of 100)
1 1 1 1 1 1 1 1 1 1 0 0 0 0 0 0 0 0 0 0  = 3.418160e+02 (31 of 100)
1 1 1 1 1 1 1 1 1 1 0 0 0 0 0 0 0 0 0 0  = 3.418160e+02 (32 of 100)
1 1 1 1 1 1 1 1 1 1 0 0 0 0 0 0 0 0 0 0  = 3.418160e+02 (33 of 100)
1 1 1 1 1 1 1 1 1 1 0 0 0 0 0 0 0 0 0 0  = 3.418160e+02 (34 of 100)
1 1 1 1 1 1 1 1 1 1 0 0 0 0 0 0 0 0 0 0  = 3.418160e+02 (35 of 100)
1 1 1 1 1 1 1 1 1 1 0 0 0 0 0 0 0 0 0 0  = 3.418160e+02 (36 of 100)
1 1 1 1 1 1 1 1 1 1 0 0 0 0 0 0 0 0 0 0  = 3.418160e+02 (37 of 100)
1 1 1 1 1 1 1 1 1 1 0 0 0 0 0 0 0 0 0 0  = 3.418160e+02 (38 of 100)
1 1 1 1 1 1 1 1 1 1 0 0 0 0 0 0 0 0 0 0  = 3.418160e+02 (39 of 100)
1 1 1 1 1 1 1 1 1 1 0 0 0 0 0 0 0 0 0 0  = 3.418160e+02 (40 of 100)
1 1 1 1 1 1 1 1 1 1 0 0 0 0 0 0 0 0 0 0  = 3.418160e+02 (41 of 100)
1 1 1 1 1 1 1 1 1 1 0 0 0 0 0 0 0 0 0 0  = 3.418160e+02 (42 of 100)
1 1 1 1 1 1 1 1 1 1 0 0 0 0 0 0 0 0 0 0  = 3.418160e+02 (43 of 100)
1 1 1 1 1 1 1 1 1 1 0 0 0 0 0 0 0 0 0 0  = 3.418160e+02 (44 of 100)
1 1 1 1 1 1 1 1 1 1 0 0 0 0 0 0 0 0 0 0  = 3.418160e+02 (45 of 100)
1 1 1 1 1 1 1 1 1 1 0 0 0 0 0 0 0 0 0 0  = 3.418160e+02 (46 of 100)
1 1 1 1 1 1 1 1 1 1 0 0 0 0 0 0 0 0 0 0  = 3.418160e+02 (47 of 100)
1 1 1 1 1 1 1 1 1 1 0 0 0 0 0 0 0 0 0 0  = 3.418160e+02 (48 of 100)
1 1 1 1 1 1 1 1 1 1 0 0 0 0 0 0 0 0 0 0  = 3.418160e+02 (49 of 100)
1 1 1 1 1 1 1 1 1 1 0 0 0 0 0 0 0 0 0 0  = 3.418160e+02 (50 of 100)
1 1 1 1 1 1 1 1 1 1 0 0 0 0 0 0 0 0 0 0  = 3.418160e+02 (51 of 100)
1 1 1 1 1 1 1 1 1 1 0 0 0 0 0 0 0 0 0 0  = 3.418160e+02 (52 of 100)
1 1 1 1 1 1 1 1 1 1 0 0 0 0 0 0 0 0 0 0  = 3.418160e+02 (53 of 100)
1 1 1 1 1 1 1 1 1 1 0 0 0 0 0 0 0 0 0 0  = 3.418160e+02 (54 of 100)
1 1 1 1 1 1 1 1 1 1 0 0 0 0 0 0 0 0 0 0  = 3.418160e+02 (55 of 100)
1 1 1 1 1 1 1 1 1 1 0 0 0 0 0 0 0 0 0 0  = 3.418160e+02 (56 of 100)
1 1 1 1 1 1 1 1 1 1 0 0 0 0 0 0 0 0 0 0  = 3.418160e+02 (57 of 100)
1 1 1 1 1 1 1 1 1 1 0 0 0 0 0 0 0 0 0 0  = 3.418160e+02 (58 of 100)
1 1 1 1 1 1 1 1 1 1 0 0 0 0 0 0 0 0 0 0  = 3.418160e+02 (59 of 100)
1 1 1 1 1 1 1 1 1 1 0 0 0 0 0 0 0 0 0 0  = 3.418160e+02 (60 of 100)
1 1 1 1 1 1 1 1 1 1 0 0 0 0 0 0 0 0 0 0  = 3.418160e+02 (61 of 100)
1 1 1 1 1 1 1 1 1 1 0 0 0 0 0 0 0 0 0 0  = 3.418160e+02 (62 of 100)
1 1 1 1 1 1 1 1 1 1 0 0 0 0 0 0 0 0 0 0  = 3.418160e+02 (63 of 100)
1 1 1 1 1 1 1 1 1 1 0 0 0 0 0 0 0 0 0 0  = 3.418160e+02 (64 of 100)
1 1 1 1 1 1 1 1 1 1 0 0 0 0 0 0 0 0 0 0  = 3.418160e+02 (65 of 100)
1 1 1 1 1 1 1 1 1 1 0 0 0 0 0 0 0 0 0 0  = 3.418160e+02 (66 of 100)
1 1 1 1 1 1 1 1 1 1 0 0 0 0 0 0 0 0 0 0  = 3.418160e+02 (67 of 100)
1 1 1 1 1 1 1 1 1 1 0 0 0 0 0 0 0 0 0 0  = 3.418160e+02 (68 of 100)
1 1 1 1 1 1 1 1 1 1 0 0 0 0 0 0 0 0 0 0  = 3.418160e+02 (69 of 100)
1 1 1 1 1 1 1 1 1 1 0 0 0 0 0 0 0 0 0 0  = 3.418160e+02 (70 of 100)
1 1 1 1 1 1 1 1 1 1 0 0 0 0 0 0 0 0 0 0  = 3.418160e+02 (71 of 100)
1 1 1 1 1 1 1 1 1 1 0 0 0 0 0 0 0 0 0 0  = 3.418160e+02 (72 of 100)
1 1 1 1 1 1 1 1 1 1 0 0 0 0 0 0 0 0 0 0  = 3.418160e+02 (73 of 100)
1 1 1 1 1 1 1 1 1 1 0 0 0 0 0 0 0 0 0 0  = 3.418160e+02 (74 of 100)
1 1 1 1 1 1 1 1 1 1 0 0 0 0 0 0 0 0 0 0  = 3.418160e+02 (75 of 100)
1 1 1 1 1 1 1 1 1 1 0 0 0 0 0 0 0 0 0 0  = 3.418160e+02 (76 of 100)
1 1 1 1 1 1 1 1 1 1 0 0 0 0 0 0 0 0 0 0  = 3.418160e+02 (77 of 100)
1 1 1 1 1 1 1 1 1 1 0 0 0 0 0 0 0 0 0 0  = 3.418160e+02 (78 of 100)
1 1 1 1 1 1 1 1 1 1 0 0 0 0 0 0 0 0 0 0  = 3.418160e+02 (79 of 100)
1 1 1 1 1 1 1 1 1 1 0 0 0 0 0 0 0 0 0 0  = 3.418160e+02 (80 of 100)
1 1 1 1 1 1 1 1 1 1 0 0 0 0 0 0 0 0 0 0  = 3.418160e+02 (81 of 100)
1 1 1 1 1 1 1 1 1 1 0 0 0 0 0 0 0 0 0 0  = 3.418160e+02 (82 of 100)
1 1 1 1 1 1 1 1 1 1 0 0 0 0 0 0 0 0 0 0  = 3.418160e+02 (83 of 100)
1 1 1 1 1 1 1 1 1 1 0 0 0 0 0 0 0 0 0 0  = 3.418160e+02 (84 of 100)
1 1 1 1 1 1 1 1 1 1 0 0 0 0 0 0 0 0 0 0  = 3.418160e+02 (85 of 100)
1 1 1 1 1 1 1 1 1 1 0 0 0 0 0 0 0 0 0 0  = 3.418160e+02 (86 of 100)
1 1 1 1 1 1 1 1 1 1 0 0 0 0 0 0 0 0 0 0  = 3.418160e+02 (87 of 100)
1 1 1 1 1 1 1 1 1 1 0 0 0 0 0 0 0 0 0 0  = 3.418160e+02 (88 of 100)
1 1 1 1 1 1 1 1 1 1 0 0 0 0 0 0 0 0 0 0  = 3.418160e+02 (89 of 100)
1 1 1 1 1 1 1 1 1 1 0 0 0 0 0 0 0 0 0 0  = 3.418160e+02 (90 of 100)
1 1 1 1 1 1 1 1 1 1 0 0 0 0 0 0 0 0 0 0  = 3.418160e+02 (91 of 100)
1 1 1 1 1 1 1 1 1 1 0 0 0 0 0 0 0 0 0 0  = 3.418160e+02 (92 of 100)
1 1 1 1 1 1 1 1 1 1 0 0 0 0 0 0 0 0 0 0  = 3.418160e+02 (93 of 100)
1 1 1 1 1 1 1 1 1 1 0 0 0 0 0 0 0 0 0 0  = 3.418160e+02 (94 of 100)
1 1 1 1 1 1 1 1 1 1 0 0 0 0 0 0 0 0 0 0  = 3.418160e+02 (95 of 100)
1 1 1 1 1 1 1 1 1 1 0 0 0 0 0 0 0 0 0 0  = 3.418160e+02 (96 of 100)
1 1 1 1 1 1 1 1 1 1 0 0 0 0 0 0 0 0 0 0  = 3.418160e+02 (97 of 100)
1 1 1 1 1 1 1 1 1 1 0 0 0 0 0 0 0 0 0 0  = 3.418160e+02 (98 of 100)
1 1 1 1 1 1 1 1 1 1 0 0 0 0 0 0 0 0 0 0  = 3.418160e+02 (99 of 100)
1 1 1 1 1 1 1 1 1 1 0 0 0 0 0 0 0 0 0 0  = 3.418160e+02 (100 of 100)
**********************************************************************
Final Selections (based on 3 neighbors) = 
Rank  1 => 1 1 1 1 1 1 1 1 1 1 0 0 0 0 0 0 0 0 0 0 : delta =  3.4182e+02
Rank  2 => 1 1 1 1 1 1 0 1 1 1 0 0 0 0 0 0 0 0 0 0 : delta =  3.5791e+02
Rank  3 => 1 1 0 1 1 1 0 1 1 1 0 0 0 0 0 0 0 0 0 0 : delta =  3.6407e+02
Rank  4 => 1 1 0 1 1 1 1 1 1 1 0 0 0 0 0 0 0 0 0 0 : delta =  3.6646e+02
Rank  5 => 1 1 1 1 1 1 1 1 1 1 0 0 0 0 0 1 0 0 0 0 : delta =  3.6811e+02
Rank  6 => 1 1 1 1 1 1 1 1 1 1 0 0 0 0 0 0 0 0 1 0 : delta =  3.7060e+02
Rank  7 => 1 1 1 1 1 1 1 1 1 1 0 0 1 0 0 0 0 0 0 0 : delta =  3.7102e+02
Rank  8 => 1 1 1 1 1 1 1 1 1 1 1 0 0 0 0 0 0 0 0 0 : delta =  3.7213e+02
Rank  9 => 1 1 1 1 1 1 1 1 1 1 0 0 0 0 0 0 1 0 0 0 : delta =  3.7317e+02
Rank 10 => 1 1 1 1 1 1 1 1 1 1 0 0 0 0 0 0 0 0 0 1 : delta =  3.7350e+02
----------------------------------------------------------------------
Delta test ranking is now in matlabdelta.m.
Order of importance (based on 20 best configurations):
(D)Rank    1 : input    8 (score = 100 )
(D)Rank    2 : input    9 (score = 100 )
(D)Rank    3 : input    4 (score = 100 )
(D)Rank    4 : input    1 (score = 100 )
(D)Rank    5 : input    6 (score = 100 )
(D)Rank    6 : input    2 (score = 100 )
(D)Rank    7 : input   10 (score = 100 )
(D)Rank    8 : input    5 (score = 95 )
(D)Rank    9 : input    7 (score = 74 )
(D)Rank   10 : input    3 (score = 70 )
(D)Rank   11 : input   11 (score = 14 )
(D)Rank   12 : input   17 (score = 14 )
(D)Rank   13 : input   12 (score = 14 )
(D)Rank   14 : input   16 (score = 9 )
(D)Rank   15 : input   19 (score = 5 )
(D)Rank   16 : input   13 (score = 5 )
(D)Rank   17 : input   15 (score = 4 )
(D)Rank   18 : input   18 (score = 4 )
(D)Rank   19 : input   20 (score = 4 )
(D)Rank   20 : input   14 (score = 0 )
**********************************************************************
Final test using the most important parameters incrementally:
----------------------------------------------------------------------
0 0 0 0 0 0 0 0 0 0 0 0 0 0 0 0 0 0 0 0  = 1.050357e+03
0 0 0 0 0 0 0 1 0 0 0 0 0 0 0 0 0 0 0 0  = 9.126702e+02
0 0 0 0 0 0 0 1 1 0 0 0 0 0 0 0 0 0 0 0  = 7.958911e+02
0 0 0 1 0 0 0 1 1 0 0 0 0 0 0 0 0 0 0 0  = 8.218090e+02
1 0 0 1 0 0 0 1 1 0 0 0 0 0 0 0 0 0 0 0  = 7.407904e+02
1 0 0 1 0 1 0 1 1 0 0 0 0 0 0 0 0 0 0 0  = 6.590910e+02
1 1 0 1 0 1 0 1 1 0 0 0 0 0 0 0 0 0 0 0  = 5.190949e+02
1 1 0 1 0 1 0 1 1 1 0 0 0 0 0 0 0 0 0 0  = 4.219839e+02
1 1 0 1 1 1 0 1 1 1 0 0 0 0 0 0 0 0 0 0  = 3.640727e+02
1 1 0 1 1 1 1 1 1 1 0 0 0 0 0 0 0 0 0 0  = 3.664641e+02
1 1 1 1 1 1 1 1 1 1 0 0 0 0 0 0 0 0 0 0  = 3.418160e+02
1 1 1 1 1 1 1 1 1 1 1 0 0 0 0 0 0 0 0 0  = 3.721297e+02
1 1 1 1 1 1 1 1 1 1 1 0 0 0 0 0 1 0 0 0  = 3.860264e+02
1 1 1 1 1 1 1 1 1 1 1 1 0 0 0 0 1 0 0 0  = 4.193127e+02
1 1 1 1 1 1 1 1 1 1 1 1 0 0 0 1 1 0 0 0  = 4.249677e+02
1 1 1 1 1 1 1 1 1 1 1 1 0 0 0 1 1 0 1 0  = 4.448719e+02
1 1 1 1 1 1 1 1 1 1 1 1 1 0 0 1 1 0 1 0  = 4.628663e+02
1 1 1 1 1 1 1 1 1 1 1 1 1 0 1 1 1 0 1 0  = 4.888000e+02
1 1 1 1 1 1 1 1 1 1 1 1 1 0 1 1 1 1 1 0  = 4.965939e+02
1 1 1 1 1 1 1 1 1 1 1 1 1 0 1 1 1 1 1 1  = 5.198819e+02
1 1 1 1 1 1 1 1 1 1 1 1 1 1 1 1 1 1 1 1  = 5.132239e+02
**********************************************************************
psuade> Enter output number (1 - 1) = SumOfTrees: initializing trees.
SumOfTrees: building 100 trees.
Sum-of-trees ranking is now in matlabsot.m.
**********************************************************************
* SumOfTrees screening rankings (with bootstrapping)
* Minimum points per node = 10
**********************************************************************
*  Rank   1 : Input =  10 (score = 100.0)
*  Rank   2 : Input =   9 (score = 88.8)
*  Rank   3 : Input =   8 (score = 87.8)
*  Rank   4 : Input =   7 (score = 28.3)
*  Rank   5 : Input =   3 (score = 23.2)
*  Rank   6 : Input =   1 (score = 16.3)
*  Rank   7 : Input =   5 (score = 11.0)
*  Rank   8 : Input =   4 (score =  8.4)
*  Rank   9 : Input =  15 (score =  8.1)
*  Rank  10 : Input =   2 (score =  8.0)
*  Rank  11 : Input =  11 (score =  7.5)
*  Rank  12 : Input =  12 (score =  7.2)
*  Rank  13 : Input =  13 (score =  6.9)
*  Rank  14 : Input =   6 (score =  6.8)
*  Rank  15 : Input =  20 (score =  5.6)
*  Rank  16 : Input =  14 (score =  5.0)
*  Rank  17 : Input =  18 (score =  4.7)
*  Rank  18 : Input =  16 (score =  4.0)
*  Rank  19 : Input =  17 (score =  3.7)
*  Rank  20 : Input =  19 (score =  3.0)
**********************************************************************
sot_sa score (sum of all std dev) = 1.044998e+03
psuade> Enter output number (1 - 1) = MARS (0) or MARS with bagging (1) ? Mars ranking is now in matlabmarsa.m.
**********************************************************************
* Mars screening rankings 
**********************************************************************
*  Rank   1 : Input =   4 (score = 100.0)
*  Rank   2 : Input =   1 (score = 96.8)
*  Rank   3 : Input =   2 (score = 96.2)
*  Rank   4 : Input =   8 (score = 76.2)
*  Rank   5 : Input =  10 (score = 75.8)
*  Rank   6 : Input =   9 (score = 74.9)
*  Rank   7 : Input =   5 (score = 60.7)
*  Rank   8 : Input =   3 (score = 59.8)
*  Rank   9 : Input =   6 (score = 56.7)
*  Rank  10 : Input =   7 (score = 50.7)
*  Rank  11 : Input =  16 (score =  9.2)
*  Rank  12 : Input =  11 (score =  8.3)
*  Rank  13 : Input =  15 (score =  8.2)
*  Rank  14 : Input =  19 (score =  8.0)
*  Rank  15 : Input =  18 (score =  7.7)
*  Rank  16 : Input =  13 (score =  6.7)
*  Rank  17 : Input =  14 (score =  6.6)
*  Rank  18 : Input =  20 (score =  6.6)
*  Rank  19 : Input =  12 (score =  4.9)
*  Rank  20 : Input =  17 (score =  0.0)
**********************************************************************
psuade> psuade terminates ...
