**********************************************************************
*      Welcome to PSUADE (version 1.7.12)
**********************************************************************
PSUADE - A Problem Solving environment for 
         Uncertainty Analysis and Design Exploration (1.7.12)
(for help, enter <help>)
======================================================================
psuade> load complete : nSamples = 210
                nInputs  = 20
                nOutputs = 1
psuade> Enter output number (1 - 1) = No transformation (e.g. log) on sample inputs nor outputs.
**********************************************************************
*                Morris Screening 
======================================================================
======================================================================
* MOAT Analysis using unmodified gradients
----------------------------------------------------------------------
Input   1 (unmod. mean & std) =  -2.9751e+00   1.0092e+02
Input   2 (unmod. mean & std) =   3.8888e+00   1.1078e+02
Input   3 (unmod. mean & std) =  -1.8106e+01   6.6959e+01
Input   4 (unmod. mean & std) =   4.8971e+01   7.6241e+01
Input   5 (unmod. mean & std) =   5.0562e+01   6.5210e+01
Input   6 (unmod. mean & std) =   2.0276e+01   7.8709e+01
Input   7 (unmod. mean & std) =   3.8439e+01   2.6133e+01
Input   8 (unmod. mean & std) =   4.0444e+01   3.1780e+00
Input   9 (unmod. mean & std) =   4.0465e+01   4.0573e+00
Input  10 (unmod. mean & std) =   4.0810e+01   3.7247e+00
Input  11 (unmod. mean & std) =   2.4174e+00   3.3036e+00
Input  12 (unmod. mean & std) =   1.8702e+00   3.1290e+00
Input  13 (unmod. mean & std) =   1.0892e+00   2.6632e+00
Input  14 (unmod. mean & std) =   1.0736e+00   3.8231e+00
Input  15 (unmod. mean & std) =   1.5491e+00   4.9994e+00
Input  16 (unmod. mean & std) =   1.3958e+00   3.7228e+00
Input  17 (unmod. mean & std) =   1.9039e-01   3.0023e+00
Input  18 (unmod. mean & std) =   1.6735e+00   4.0824e+00
Input  19 (unmod. mean & std) =   1.3353e+00   2.9100e+00
Input  20 (unmod. mean & std) =   4.0592e-01   4.1931e+00
======================================================================
* MOAT Analysis using modified gradients
----------------------------------------------------------------------
Input   1 (mod. mean & std) =   7.5228e+01   1.0092e+02
Input   2 (mod. mean & std) =   8.5764e+01   1.1078e+02
Input   3 (mod. mean & std) =   5.0176e+01   6.6959e+01
Input   4 (mod. mean & std) =   8.3665e+01   7.6241e+01
Input   5 (mod. mean & std) =   5.3864e+01   6.5210e+01
Input   6 (mod. mean & std) =   6.0639e+01   7.8709e+01
Input   7 (mod. mean & std) =   3.8439e+01   2.6133e+01
Input   8 (mod. mean & std) =   4.0444e+01   3.1780e+00
Input   9 (mod. mean & std) =   4.0465e+01   4.0573e+00
Input  10 (mod. mean & std) =   4.0810e+01   3.7247e+00
Input  11 (mod. mean & std) =   2.7354e+00   3.3036e+00
Input  12 (mod. mean & std) =   2.5188e+00   3.1290e+00
Input  13 (mod. mean & std) =   2.1794e+00   2.6632e+00
Input  14 (mod. mean & std) =   3.0694e+00   3.8231e+00
Input  15 (mod. mean & std) =   3.8399e+00   4.9994e+00
Input  16 (mod. mean & std) =   3.0518e+00   3.7228e+00
Input  17 (mod. mean & std) =   2.4208e+00   3.0023e+00
Input  18 (mod. mean & std) =   3.6653e+00   4.0824e+00
Input  19 (mod. mean & std) =   2.5559e+00   2.9100e+00
Input  20 (mod. mean & std) =   3.2688e+00   4.1931e+00
**********************************************************************
MOATAnalyzer: Creating modified mean plot ... 
MOAT bootstrap plot file = matlabmoatbs.m.
======================================================================
* MOAT Analysis (ordered based on modified means of gradients)
----------------------------------------------------------------------
     1: Input   2 (mu*, sigma, dof) =   8.5764e+01   1.1078e+02 9
     2: Input   4 (mu*, sigma, dof) =   8.3665e+01   7.6241e+01 9
     3: Input   1 (mu*, sigma, dof) =   7.5228e+01   1.0092e+02 9
     4: Input   6 (mu*, sigma, dof) =   6.0639e+01   7.8709e+01 9
     5: Input   5 (mu*, sigma, dof) =   5.3864e+01   6.5210e+01 9
     6: Input   3 (mu*, sigma, dof) =   5.0176e+01   6.6959e+01 9
     7: Input  10 (mu*, sigma, dof) =   4.0810e+01   3.7247e+00 9
     8: Input   9 (mu*, sigma, dof) =   4.0465e+01   4.0573e+00 9
     9: Input   8 (mu*, sigma, dof) =   4.0444e+01   3.1780e+00 9
    10: Input   7 (mu*, sigma, dof) =   3.8439e+01   2.6133e+01 9
    11: Input  15 (mu*, sigma, dof) =   3.8399e+00   4.9994e+00 9
    12: Input  18 (mu*, sigma, dof) =   3.6653e+00   4.0824e+00 9
    13: Input  20 (mu*, sigma, dof) =   3.2688e+00   4.1931e+00 9
    14: Input  14 (mu*, sigma, dof) =   3.0694e+00   3.8231e+00 9
    15: Input  16 (mu*, sigma, dof) =   3.0518e+00   3.7228e+00 9
    16: Input  11 (mu*, sigma, dof) =   2.7354e+00   3.3036e+00 9
    17: Input  19 (mu*, sigma, dof) =   2.5559e+00   2.9100e+00 9
    18: Input  12 (mu*, sigma, dof) =   2.5188e+00   3.1290e+00 9
    19: Input  17 (mu*, sigma, dof) =   2.4208e+00   3.0023e+00 9
    20: Input  13 (mu*, sigma, dof) =   2.1794e+00   2.6632e+00 9
======================================================================
psuade> psuade terminates ...
